<?xml version="1.0"?>
<testsuite name="Chrome Headless 86.0.4240.183 (Windows 10)" package="" timestamp="2020-11-06T10:40:53" id="0" hostname="DESKTOP-QOA0D1D" tests="1" errors="0" failures="0" time="0.035">
  <properties>
    <property name="browser.fullName" value="Mozilla/5.0 (Windows NT 10.0; Win64; x64) AppleWebKit/537.36 (KHTML, like Gecko) HeadlessChrome/86.0.4240.183 Safari/537.36"/>
  </properties>
  <testcase name="AppComponent should create the app" time="0.035" classname="AppComponent"/>
  <system-out>
    <![CDATA[
]]>
  </system-out>
  <system-err/>
</testsuite>